2025-10-31 17:25:32,587 - INFO -  Iniciando pipeline de e-commerce...
2025-10-31 17:25:32,587 - ERROR -  Error durante la ejecuciÛn del pipeline: 'sources'
2025-10-31 17:27:05,994 - INFO -  Iniciando pipeline de e-commerce...
2025-10-31 17:27:05,994 - ERROR -  Error durante la ejecuciÛn del pipeline: 'sources'
2025-10-31 17:29:25,400 - INFO -  Iniciando pipeline de e-commerce...
2025-10-31 17:29:25,400 - ERROR -  Error durante la ejecuciÛn del pipeline: 'sources'
2025-10-31 17:32:23,246 - INFO -  Iniciando pipeline de e-commerce...
2025-10-31 17:32:23,246 - ERROR -  Error durante la ejecuciÛn del pipeline: 'sources'
2025-10-31 17:38:54,207 - INFO -  Iniciando pipeline de e-commerce...
2025-10-31 17:38:54,207 - ERROR -  Error durante la ejecuciÛn del pipeline: 'sources'
2025-10-31 17:51:10,121 - INFO -  Iniciando pipeline de e-commerce...
2025-10-31 17:51:10,121 - INFO -  Iniciando ingesta de datos...
2025-10-31 17:51:11,007 - ERROR -  Error durante la ejecuciÛn del pipeline: No columns to parse from file
2025-10-31 17:55:41,081 - INFO -  Iniciando pipeline de e-commerce...
2025-10-31 17:55:41,081 - INFO -  Iniciando ingesta de datos...
2025-10-31 17:55:41,872 - ERROR -  Error durante la ejecuciÛn del pipeline: No columns to parse from file
2025-10-31 17:56:58,761 - INFO -  Iniciando pipeline de e-commerce...
2025-10-31 17:56:58,761 - INFO -  Iniciando ingesta de datos...
2025-10-31 17:56:59,185 - ERROR -  Error durante la ejecuciÛn del pipeline: No columns to parse from file
2025-10-31 17:58:17,370 - INFO -  Iniciando ingesta de datos...
2025-10-31 17:58:17,778 - INFO -  Ingesta completada.
2025-10-31 17:58:17,778 - INFO -  Aplicando transformaciones...
2025-10-31 17:58:17,788 - ERROR -  Error durante la ejecuciÛn del pipeline: 'price'
2025-10-31 18:00:06,172 - INFO -  Iniciando pipeline de e-commerce...
2025-10-31 18:00:06,172 - INFO -  Iniciando ingesta de datos...
2025-10-31 18:00:06,609 - INFO -  Ingesta completada.
2025-10-31 18:00:06,609 - INFO -  Aplicando transformaciones...
2025-10-31 18:00:06,619 - ERROR -  Error durante la ejecuciÛn del pipeline:  No se encuentran las columnas 'quantity' o 'price' para calcular el valor total.
2025-10-31 18:00:58,954 - INFO -  Iniciando pipeline de e-commerce...
2025-10-31 18:00:58,954 - INFO -  Iniciando ingesta de datos...
2025-10-31 18:00:59,319 - INFO -  Ingesta completada.
2025-10-31 18:00:59,319 - INFO -  Aplicando transformaciones...
2025-10-31 18:00:59,319 - ERROR -  Error durante la ejecuciÛn del pipeline:  No se encuentran las columnas 'quantity' o 'price' para calcular el valor total.
2025-10-31 18:03:42,596 - INFO -  Iniciando pipeline de e-commerce...
2025-10-31 18:03:42,596 - INFO -  Iniciando ingesta de datos...
2025-10-31 18:03:43,003 - INFO -  Ingesta completada.
2025-10-31 18:03:43,003 - INFO -  Aplicando transformaciones...
2025-10-31 18:09:02,773 - INFO -  Iniciando pipeline de e-commerce...
2025-10-31 18:09:02,773 - INFO - üì• Iniciando ingesta de datos...
2025-10-31 18:09:03,745 - INFO -  Ingesta completada.
2025-10-31 18:09:03,746 - INFO -  Aplicando transformaciones...
2025-10-31 18:09:03,772 - INFO -  Transformaci√≥n completada.
2025-10-31 18:09:03,772 - INFO - üîç Ejecutando verificaciones de calidad...
2025-10-31 18:09:03,773 - INFO -  Todos los tests de calidad pasaron.
2025-10-31 18:09:03,773 - INFO -  Generando reportes...
2025-10-31 18:09:03,798 - INFO -  Reporte generado: reports/pipeline_report_20251031_180903.txt
2025-10-31 18:09:03,798 - INFO - ============================================================
2025-10-31 18:09:03,800 - INFO -  PIPELINE EJECUTADO EXITOSAMENTE
2025-10-31 18:09:03,800 - INFO - ============================================================
2025-10-31 18:09:03,800 - INFO -  Registros procesados: 5
2025-10-31 18:09:03,800 - INFO -   Productos con stock cr√≠tico: 2
2025-10-31 18:09:03,801 - INFO -  Top productos: 5
2025-10-31 18:09:03,801 - INFO -  Reporte guardado en: reports/pipeline_report_20251031_180903.txt
2025-10-31 18:09:03,801 - INFO - ============================================================
